nohup: ignoring input
============================================================
 Starting full experiment pipeline
 Project: nips-specnoise
 Time:    Thu Mar 26 15:58:57 CST 2026
============================================================

[1/2] Syncing environment (Ensuring up-to-date)...
============================================
 Environment Setup (uv + PyTorch 2.10 + CUDA 12.8)
============================================
[1/5] uv already installed: uv 0.11.0 (x86_64-unknown-linux-gnu)
[2/5] Venv exists: /ytech_m2v4_hdd/mengzijie/nips-specnoise/.venv
[3/5] Installing PyTorch 2.10.0 + CUDA 12.8 ...
Resolved 31 packages in 6.62s
warning: Failed to hardlink files; falling back to full copy. This may lead to degraded performance.
         If the cache and target directories are on different filesystems, hardlinking may not be supported.
         If this is intentional, set `export UV_LINK_MODE=copy` or use `--link-mode=copy` to suppress this warning.
Installed 25 packages in 183m 50s
 + cuda-bindings==12.9.4
 + jinja2==3.1.6
 + markupsafe==3.0.2
 + mpmath==1.3.0
 + networkx==3.4.2
 + numpy==2.2.6
 + nvidia-cublas-cu12==12.8.4.1
 + nvidia-cuda-cupti-cu12==12.8.90
 + nvidia-cuda-nvrtc-cu12==12.8.93
 + nvidia-cuda-runtime-cu12==12.8.90
 + nvidia-cudnn-cu12==9.10.2.21
 + nvidia-cufft-cu12==11.3.3.83
 + nvidia-cufile-cu12==1.13.1.3
 + nvidia-curand-cu12==10.3.9.90
 + nvidia-cusolver-cu12==11.7.3.90
 + nvidia-nccl-cu12==2.27.5
 + nvidia-nvjitlink-cu12==12.8.93
 + nvidia-nvshmem-cu12==3.4.5
 + nvidia-nvtx-cu12==12.8.90
 + sympy==1.14.0
 + torch==2.10.0+cu128
 + torchaudio==2.11.0+cu128
 + torchvision==0.25.0+cu128
 + triton==3.6.0
 + typing-extensions==4.15.0
[4/5] Installing project dependencies ...
Resolved 86 packages in 25.29s
Prepared 2 packages in 1.87s
warning: Failed to hardlink files; falling back to full copy. This may lead to degraded performance.
         If the cache and target directories are on different filesystems, hardlinking may not be supported.
         If this is intentional, set `export UV_LINK_MODE=copy` or use `--link-mode=copy` to suppress this warning.
Installed 49 packages in 80m 48s
 + accelerate==1.13.0
 + aiohappyeyeballs==2.6.1
 + aiohttp==3.13.3
 + aiosignal==1.4.0
 + annotated-doc==0.0.4
 + anyio==4.13.0
 + async-timeout==5.0.1
 + attrs==26.1.0
 + charset-normalizer==3.4.6
 + click==8.3.1
 + contourpy==1.3.2
 + cycler==0.12.1
 + datasets==4.8.4
 + exceptiongroup==1.3.1
 + fonttools==4.62.1
 + h11==0.16.0
 + hf-xet==1.4.2
 + httpcore==1.0.9
 + httpx==0.28.1
 + huggingface-hub==1.8.0
 + idna==3.11
 + kiwisolver==1.5.0
 + markdown-it-py==4.0.0
 + matplotlib==3.10.8
 + mdurl==0.1.2
 + multidict==6.7.1
 + multiprocess==0.70.19
 + packaging==26.0
 + pandas==2.3.3
 + peft==0.18.1
 + propcache==0.4.1
 + psutil==7.2.2
 + pyarrow==23.0.1
 + pygments==2.19.2
 + pyparsing==3.3.2
 + python-dateutil==2.9.0.post0
 + pytz==2026.1.post1
 + requests==2.33.0
 + safetensors==0.7.0
 + scipy==1.15.3
 + shellingham==1.5.4
 + tokenizers==0.22.2
 + tqdm==4.67.3
 + transformers==5.3.0
 + trl==0.29.1
 + typer==0.24.1
 + tzdata==2025.3
 + urllib3==2.6.3
 + xxhash==3.6.0
[5/5] Installing flash-attn (optional) ...
  flash-attn skipped (optional)

============================================
Traceback (most recent call last):
  File "<string>", line 2, in <module>
ModuleNotFoundError: No module named 'torch'
